============================= test session starts =============================
platform win32 -- Python 3.14.2, pytest-9.1.1, pluggy-1.6.0
rootdir: C:\Users\ericd\Documents\MyVertexProject\numista_backend
configfile: pytest.ini
plugins: anyio-4.13.0
collected 262 items

numista_backend\tests\test_active_learning_queue.py ..                   [  0%]
numista_backend\tests\test_auth_security.py ........                     [  3%]
numista_backend\tests\test_awq_intake_parser.py ........................ [ 12%]
...............                                                          [ 18%]
numista_backend\tests\test_beta_estate_pipeline.py ...                   [ 19%]
numista_backend\tests\test_catalog_slot_counts.py ..............         [ 25%]
numista_backend\tests\test_checklist_historical_matcher.py ............  [ 29%]
numista_backend\tests\test_checklist_parser.py ...........               [ 33%]
numista_backend\tests\test_coa_parser.py ....                            [ 35%]
numista_backend\tests\test_collector_profile.py .                        [ 35%]
numista_backend\tests\test_deal_spotter.py ...                           [ 37%]
numista_backend\tests\test_few_shot_service.py ..                        [ 37%]
numista_backend\tests\test_financials_phase3.py ........................ [ 46%]
...................                                                      [ 54%]
numista_backend\tests\test_greysheet.py ........                         [ 57%]
numista_backend\tests\test_import_worker_integration.py .                [ 57%]
numista_backend\tests\test_ingestion.py ..                               [ 58%]
numista_backend\tests\test_invoice_fixtures.py ..                        [ 59%]
numista_backend\tests\test_missing_images_csv.py ...                     [ 60%]
numista_backend\tests\test_notes_parser.py .............                 [ 65%]
numista_backend\tests\test_proxy_bandwidth.py .....                      [ 67%]
numista_backend\tests\test_series_manifest_sync.py ....................  [ 74%]
numista_backend\tests\test_set_pricing_extended.py ..................... [ 82%]
....................                                                     [ 90%]
numista_backend\tests\test_transfer.py ....                              [ 91%]
numista_backend\tests\test_valuations.py ......                          [ 94%]
numista_backend\tests\test_vector_rag.py ...                             [ 95%]
numista_backend\tests\test_verifiers.py ............                     [100%]

============================ 262 passed in 12.76s =============================

